<?xml version="1.0" encoding="UTF-8"?>
<testng-results skipped="0" failed="1" ignored="0" total="1" passed="0">
  <reporter-output>
  </reporter-output>
  <suite name="Default suite" duration-ms="50039" started-at="2023-11-09T20:51:43 SGT" finished-at="2023-11-09T20:52:33 SGT">
    <groups>
    </groups>
    <test name="Default test" duration-ms="50039" started-at="2023-11-09T20:51:43 SGT" finished-at="2023-11-09T20:52:33 SGT">
      <class name="com.framework.testcases.CreateCampaingn">
        <test-method status="PASS" signature="startReport()[pri:0, instance:com.framework.testcases.CreateCampaingn@80169cf]" name="startReport" is-config="true" duration-ms="187" started-at="2023-11-09T20:51:43 SGT" finished-at="2023-11-09T20:51:43 SGT">
          <reporter-output>
          </reporter-output>
        </test-method> <!-- startReport -->
        <test-method status="PASS" signature="setTestDetail()[pri:0, instance:com.framework.testcases.CreateCampaingn@80169cf]" name="setTestDetail" is-config="true" duration-ms="1" started-at="2023-11-09T20:51:43 SGT" finished-at="2023-11-09T20:51:43 SGT">
          <reporter-output>
          </reporter-output>
        </test-method> <!-- setTestDetail -->
        <test-method status="PASS" signature="startTestCase()[pri:0, instance:com.framework.testcases.CreateCampaingn@80169cf]" name="startTestCase" is-config="true" duration-ms="15" started-at="2023-11-09T20:51:43 SGT" finished-at="2023-11-09T20:51:43 SGT">
          <reporter-output>
          </reporter-output>
        </test-method> <!-- startTestCase -->
        <test-method status="PASS" signature="preCondition()[pri:0, instance:com.framework.testcases.CreateCampaingn@80169cf]" name="preCondition" is-config="true" duration-ms="9519" started-at="2023-11-09T20:51:44 SGT" finished-at="2023-11-09T20:51:54 SGT">
          <reporter-output>
          </reporter-output>
        </test-method> <!-- preCondition -->
        <test-method status="FAIL" signature="runCreateAccount(java.lang.String)[pri:0, instance:com.framework.testcases.CreateCampaingn@80169cf]" name="runCreateAccount" duration-ms="38723" started-at="2023-11-09T20:51:54 SGT" data-provider="fetchData" finished-at="2023-11-09T20:52:33 SGT">
          <params>
            <param index="0">
              <value>
                <![CDATA[Suneetha]]>
              </value>
            </param>
          </params>
          <exception class="java.lang.RuntimeException">
            <message>
              <![CDATA[See the reporter for details.]]>
            </message>
            <full-stacktrace>
              <![CDATA[java.lang.RuntimeException: See the reporter for details.
at com.framework.utils.Reporter.reportStep(Reporter.java:93)
at com.framework.utils.Reporter.reportStep(Reporter.java:108)
at com.framework.selenium.api.base.SeleniumBase.click(SeleniumBase.java:146)
at com.sales.cloud.pages.SalesHomePage.clickCampaigns(SalesHomePage.java:16)
at com.framework.testcases.CreateCampaingn.runCreateAccount(CreateCampaingn.java:30)
at sun.reflect.NativeMethodAccessorImpl.invoke0(Native Method)
at sun.reflect.NativeMethodAccessorImpl.invoke(NativeMethodAccessorImpl.java:62)
at sun.reflect.DelegatingMethodAccessorImpl.invoke(DelegatingMethodAccessorImpl.java:43)
at java.lang.reflect.Method.invoke(Method.java:498)
at org.testng.internal.MethodInvocationHelper.invokeMethod(MethodInvocationHelper.java:133)
at org.testng.internal.TestInvoker.invokeMethod(TestInvoker.java:598)
at org.testng.internal.TestInvoker.invokeTestMethod(TestInvoker.java:173)
at org.testng.internal.MethodRunner.runInSequence(MethodRunner.java:46)
at org.testng.internal.TestInvoker$MethodInvocationAgent.invoke(TestInvoker.java:824)
at org.testng.internal.TestInvoker.invokeTestMethods(TestInvoker.java:146)
at org.testng.internal.TestMethodWorker.invokeTestMethods(TestMethodWorker.java:146)
at org.testng.internal.TestMethodWorker.run(TestMethodWorker.java:128)
at java.util.ArrayList.forEach(ArrayList.java:1259)
at org.testng.TestRunner.privateRun(TestRunner.java:794)
at org.testng.TestRunner.run(TestRunner.java:596)
at org.testng.SuiteRunner.runTest(SuiteRunner.java:377)
at org.testng.SuiteRunner.runSequentially(SuiteRunner.java:371)
at org.testng.SuiteRunner.privateRun(SuiteRunner.java:332)
at org.testng.SuiteRunner.run(SuiteRunner.java:276)
at org.testng.SuiteRunnerWorker.runSuite(SuiteRunnerWorker.java:53)
at org.testng.SuiteRunnerWorker.run(SuiteRunnerWorker.java:96)
at org.testng.TestNG.runSuitesSequentially(TestNG.java:1212)
at org.testng.TestNG.runSuitesLocally(TestNG.java:1134)
at org.testng.TestNG.runSuites(TestNG.java:1063)
at org.testng.TestNG.run(TestNG.java:1031)
at org.testng.remote.AbstractRemoteTestNG.run(AbstractRemoteTestNG.java:115)
at org.testng.remote.RemoteTestNG.initAndRun(RemoteTestNG.java:251)
at org.testng.remote.RemoteTestNG.main(RemoteTestNG.java:77)
]]>
            </full-stacktrace>
          </exception> <!-- java.lang.RuntimeException -->
          <reporter-output>
          </reporter-output>
        </test-method> <!-- runCreateAccount -->
        <test-method status="PASS" signature="postCondition()[pri:0, instance:com.framework.testcases.CreateCampaingn@80169cf]" name="postCondition" is-config="true" duration-ms="350" started-at="2023-11-09T20:52:33 SGT" finished-at="2023-11-09T20:52:33 SGT">
          <reporter-output>
          </reporter-output>
        </test-method> <!-- postCondition -->
        <test-method status="PASS" signature="endResult()[pri:0, instance:com.framework.testcases.CreateCampaingn@80169cf]" name="endResult" is-config="true" duration-ms="1253" started-at="2023-11-09T20:52:33 SGT" finished-at="2023-11-09T20:52:34 SGT">
          <reporter-output>
          </reporter-output>
        </test-method> <!-- endResult -->
      </class> <!-- com.framework.testcases.CreateCampaingn -->
    </test> <!-- Default test -->
  </suite> <!-- Default suite -->
</testng-results>
