<?xml version="1.0" encoding="UTF-8"?>
<testng-results skipped="0" failed="0" ignored="0" total="1" passed="1">
  <reporter-output>
  </reporter-output>
  <suite name="Default suite" duration-ms="13012" started-at="2023-10-31T16:14:36 IST" finished-at="2023-10-31T16:14:49 IST">
    <groups>
    </groups>
    <test name="Default test" duration-ms="13012" started-at="2023-10-31T16:14:36 IST" finished-at="2023-10-31T16:14:49 IST">
      <class name="testcases.TC_001">
        <test-method status="PASS" signature="startReport()[pri:0, instance:testcases.TC_001@31f924f5]" name="startReport" is-config="true" duration-ms="361" started-at="2023-10-31T16:14:36 IST" finished-at="2023-10-31T16:14:36 IST">
          <reporter-output>
          </reporter-output>
        </test-method> <!-- startReport -->
        <test-method status="PASS" signature="setTestDetail()[pri:0, instance:testcases.TC_001@31f924f5]" name="setTestDetail" is-config="true" duration-ms="0" started-at="2023-10-31T16:14:36 IST" finished-at="2023-10-31T16:14:36 IST">
          <reporter-output>
          </reporter-output>
        </test-method> <!-- setTestDetail -->
        <test-method status="PASS" signature="testCaseDetails()[pri:0, instance:testcases.TC_001@31f924f5]" name="testCaseDetails" is-config="true" duration-ms="13" started-at="2023-10-31T16:14:36 IST" finished-at="2023-10-31T16:14:36 IST">
          <reporter-output>
          </reporter-output>
        </test-method> <!-- testCaseDetails -->
        <test-method status="PASS" signature="preCondition()[pri:0, instance:testcases.TC_001@31f924f5]" name="preCondition" is-config="true" duration-ms="8755" started-at="2023-10-31T16:14:37 IST" finished-at="2023-10-31T16:14:45 IST">
          <reporter-output>
          </reporter-output>
        </test-method> <!-- preCondition -->
        <test-method status="PASS" signature="runTc_001()[pri:0, instance:testcases.TC_001@31f924f5]" name="runTc_001" duration-ms="3483" started-at="2023-10-31T16:14:45 IST" finished-at="2023-10-31T16:14:49 IST">
          <reporter-output>
          </reporter-output>
        </test-method> <!-- runTc_001 -->
        <test-method status="PASS" signature="postCondition()[pri:0, instance:testcases.TC_001@31f924f5]" name="postCondition" is-config="true" duration-ms="651" started-at="2023-10-31T16:14:49 IST" finished-at="2023-10-31T16:14:49 IST">
          <reporter-output>
          </reporter-output>
        </test-method> <!-- postCondition -->
        <test-method status="PASS" signature="stopReport()[pri:0, instance:testcases.TC_001@31f924f5]" name="stopReport" is-config="true" duration-ms="597" started-at="2023-10-31T16:14:50 IST" finished-at="2023-10-31T16:14:50 IST">
          <reporter-output>
          </reporter-output>
        </test-method> <!-- stopReport -->
      </class> <!-- testcases.TC_001 -->
    </test> <!-- Default test -->
  </suite> <!-- Default suite -->
</testng-results>
